# JRE version: OpenJDK Runtime Environment (8.0_242-b01) (build 1.8.0_242-release-1644-b01)
# Java VM: OpenJDK 64-Bit Server VM (25.242-b01 mixed mode windows-amd64 compressed oops)
Heap:
 PSYoungGen      total 570880K, used 99264K [0x00000000d5580000, 0x00000000fed00000, 0x0000000100000000)
  eden space 460800K, 15% used [0x00000000d5580000,0x00000000d9bb3268,0x00000000f1780000)
  from space 110080K, 24% used [0x00000000f8180000,0x00000000f9c3d048,0x00000000fed00000)
  to   space 108544K, 0% used [0x00000000f1780000,0x00000000f1780000,0x00000000f8180000)
 ParOldGen       total 407040K, used 161714K [0x0000000080000000, 0x0000000098d80000, 0x00000000d5580000)
  object space 407040K, 39% used [0x0000000080000000,0x0000000089dec918,0x0000000098d80000)
 Metaspace       used 148920K, capacity 159420K, committed 159704K, reserved 1187840K
  class space    used 18804K, capacity 20701K, committed 20736K, reserved 1048576K
GC Heap History (10 events):
Event: 18638.482 GC heap before
{Heap before GC invocations=45 (full 5):
 PSYoungGen      total 541184K, used 409650K [0x00000000d5580000, 0x00000000ff980000, 0x0000000100000000)
  eden space 403968K, 100% used [0x00000000d5580000,0x00000000ee000000,0x00000000ee000000)
  from space 137216K, 4% used [0x00000000ee000000,0x00000000ee58cb80,0x00000000f6600000)
  to   space 135680K, 0% used [0x00000000f7500000,0x00000000f7500000,0x00000000ff980000)
 ParOldGen       total 407040K, used 149447K [0x0000000080000000, 0x0000000098d80000, 0x00000000d5580000)
  object space 407040K, 36% used [0x0000000080000000,0x00000000891f1f78,0x0000000098d80000)
 Metaspace       used 136174K, capacity 145902K, committed 146136K, reserved 1175552K
  class space    used 17451K, capacity 19120K, committed 19200K, reserved 1048576K
Event: 18638.525 GC heap after
Heap after GC invocations=45 (full 5):
 PSYoungGen      total 558592K, used 6807K [0x00000000d5580000, 0x00000000ff880000, 0x0000000100000000)
  eden space 423936K, 0% used [0x00000000d5580000,0x00000000d5580000,0x00000000ef380000)
  from space 134656K, 5% used [0x00000000f7500000,0x00000000f7ba5cb0,0x00000000ff880000)
  to   space 132608K, 0% used [0x00000000ef380000,0x00000000ef380000,0x00000000f7500000)
 ParOldGen       total 407040K, used 151520K [0x0000000080000000, 0x0000000098d80000, 0x00000000d5580000)
  object space 407040K, 37% used [0x0000000080000000,0x00000000893f82f0,0x0000000098d80000)
 Metaspace       used 136174K, capacity 145902K, committed 146136K, reserved 1175552K
  class space    used 17451K, capacity 19120K, committed 19200K, reserved 1048576K
}
Event: 18709.650 GC heap before
{Heap before GC invocations=46 (full 5):
 PSYoungGen      total 558592K, used 430743K [0x00000000d5580000, 0x00000000ff880000, 0x0000000100000000)
  eden space 423936K, 100% used [0x00000000d5580000,0x00000000ef380000,0x00000000ef380000)
  from space 134656K, 5% used [0x00000000f7500000,0x00000000f7ba5cb0,0x00000000ff880000)
  to   space 132608K, 0% used [0x00000000ef380000,0x00000000ef380000,0x00000000f7500000)
 ParOldGen       total 407040K, used 151520K [0x0000000080000000, 0x0000000098d80000, 0x00000000d5580000)
  object space 407040K, 37% used [0x0000000080000000,0x00000000893f82f0,0x0000000098d80000)
 Metaspace       used 142965K, capacity 153242K, committed 153432K, reserved 1183744K
  class space    used 18221K, capacity 20074K, committed 20096K, reserved 1048576K
Event: 18709.770 GC heap after
Heap after GC invocations=46 (full 5):
 PSYoungGen      total 457216K, used 33116K [0x00000000d5580000, 0x00000000fee00000, 0x0000000100000000)
  eden space 423936K, 0% used [0x00000000d5580000,0x00000000d5580000,0x00000000ef380000)
  from space 33280K, 99% used [0x00000000ef380000,0x00000000f13d7368,0x00000000f1400000)
  to   space 124416K, 0% used [0x00000000f7480000,0x00000000f7480000,0x00000000fee00000)
 ParOldGen       total 407040K, used 155566K [0x0000000080000000, 0x0000000098d80000, 0x00000000d5580000)
  object space 407040K, 38% used [0x0000000080000000,0x00000000897eb900,0x0000000098d80000)
 Metaspace       used 142965K, capacity 153242K, committed 153432K, reserved 1183744K
  class space    used 18221K, capacity 20074K, committed 20096K, reserved 1048576K
}
Event: 18735.477 GC heap before
{Heap before GC invocations=47 (full 5):
 PSYoungGen      total 457216K, used 457052K [0x00000000d5580000, 0x00000000fee00000, 0x0000000100000000)
  eden space 423936K, 100% used [0x00000000d5580000,0x00000000ef380000,0x00000000ef380000)
  from space 33280K, 99% used [0x00000000ef380000,0x00000000f13d7368,0x00000000f1400000)
  to   space 124416K, 0% used [0x00000000f7480000,0x00000000f7480000,0x00000000fee00000)
 ParOldGen       total 407040K, used 155566K [0x0000000080000000, 0x0000000098d80000, 0x00000000d5580000)
  object space 407040K, 38% used [0x0000000080000000,0x00000000897eb900,0x0000000098d80000)
 Metaspace       used 143421K, capacity 153732K, committed 154072K, reserved 1183744K
  class space    used 18253K, capacity 20097K, committed 20224K, reserved 1048576K
Event: 18735.547 GC heap after
Heap after GC invocations=47 (full 5):
 PSYoungGen      total 559616K, used 8025K [0x00000000d5580000, 0x0000000100000000, 0x0000000100000000)
  eden space 435200K, 0% used [0x00000000d5580000,0x00000000d5580000,0x00000000efe80000)
  from space 124416K, 6% used [0x00000000f7480000,0x00000000f7c565b0,0x00000000fee00000)
  to   space 120832K, 0% used [0x00000000efe80000,0x00000000efe80000,0x00000000f7480000)
 ParOldGen       total 407040K, used 161698K [0x0000000080000000, 0x0000000098d80000, 0x00000000d5580000)
  object space 407040K, 39% used [0x0000000080000000,0x0000000089de8918,0x0000000098d80000)
 Metaspace       used 143421K, capacity 153732K, committed 154072K, reserved 1183744K
  class space    used 18253K, capacity 20097K, committed 20224K, reserved 1048576K
}
Event: 18878.767 GC heap before
{Heap before GC invocations=48 (full 5):
 PSYoungGen      total 559616K, used 443225K [0x00000000d5580000, 0x0000000100000000, 0x0000000100000000)
  eden space 435200K, 100% used [0x00000000d5580000,0x00000000efe80000,0x00000000efe80000)
  from space 124416K, 6% used [0x00000000f7480000,0x00000000f7c565b0,0x00000000fee00000)
  to   space 120832K, 0% used [0x00000000efe80000,0x00000000efe80000,0x00000000f7480000)
 ParOldGen       total 407040K, used 161698K [0x0000000080000000, 0x0000000098d80000, 0x00000000d5580000)
  object space 407040K, 39% used [0x0000000080000000,0x0000000089de8918,0x0000000098d80000)
 Metaspace       used 143990K, capacity 154288K, committed 154584K, reserved 1183744K
  class space    used 18290K, capacity 20145K, committed 20224K, reserved 1048576K
Event: 18878.809 GC heap after
Heap after GC invocations=48 (full 5):
 PSYoungGen      total 556032K, used 16922K [0x00000000d5580000, 0x00000000ff280000, 0x0000000100000000)
  eden space 435200K, 0% used [0x00000000d5580000,0x00000000d5580000,0x00000000efe80000)
  from space 120832K, 14% used [0x00000000efe80000,0x00000000f0f06848,0x00000000f7480000)
  to   space 115712K, 0% used [0x00000000f8180000,0x00000000f8180000,0x00000000ff280000)
 ParOldGen       total 407040K, used 161706K [0x0000000080000000, 0x0000000098d80000, 0x00000000d5580000)
  object space 407040K, 39% used [0x0000000080000000,0x0000000089dea918,0x0000000098d80000)
 Metaspace       used 143990K, capacity 154288K, committed 154584K, reserved 1183744K
  class space    used 18290K, capacity 20145K, committed 20224K, reserved 1048576K
}
Event: 18902.601 GC heap before
{Heap before GC invocations=49 (full 5):
 PSYoungGen      total 556032K, used 452122K [0x00000000d5580000, 0x00000000ff280000, 0x0000000100000000)
  eden space 435200K, 100% used [0x00000000d5580000,0x00000000efe80000,0x00000000efe80000)
  from space 120832K, 14% used [0x00000000efe80000,0x00000000f0f06848,0x00000000f7480000)
  to   space 115712K, 0% used [0x00000000f8180000,0x00000000f8180000,0x00000000ff280000)
 ParOldGen       total 407040K, used 161706K [0x0000000080000000, 0x0000000098d80000, 0x00000000d5580000)
  object space 407040K, 39% used [0x0000000080000000,0x0000000089dea918,0x0000000098d80000)
 Metaspace       used 148910K, capacity 159420K, committed 159704K, reserved 1187840K
  class space    used 18804K, capacity 20701K, committed 20736K, reserved 1048576K
Event: 18902.848 GC heap after
Heap after GC invocations=49 (full 5):
 PSYoungGen      total 570880K, used 27380K [0x00000000d5580000, 0x00000000fed00000, 0x0000000100000000)
  eden space 460800K, 0% used [0x00000000d5580000,0x00000000d5580000,0x00000000f1780000)
  from space 110080K, 24% used [0x00000000f8180000,0x00000000f9c3d048,0x00000000fed00000)
  to   space 108544K, 0% used [0x00000000f1780000,0x00000000f1780000,0x00000000f8180000)
 ParOldGen       total 407040K, used 161714K [0x0000000080000000, 0x0000000098d80000, 0x00000000d5580000)
  object space 407040K, 39% used [0x0000000080000000,0x0000000089dec918,0x0000000098d80000)
 Metaspace       used 148910K, capacity 159420K, committed 159704K, reserved 1187840K
  class space    used 18804K, capacity 20701K, committed 20736K, reserved 1048576K
}

